<?xml version="1.0" encoding="UTF-8"?>
<testsuite xmlns:xsi="http://www.w3.org/2001/XMLSchema-instance" xsi:noNamespaceSchemaLocation="https://maven.apache.org/surefire/maven-surefire-plugin/xsd/surefire-test-report-3.0.xsd" version="3.0" name="com.demo.upimesh.IdempotencyConcurrencyTest" time="23.996" tests="3" errors="0" skipped="0" failures="0">
  <properties>
[...]
</properties>
  <testcase name="encryptDecryptRoundTrip" classname="com.demo.upimesh.IdempotencyConcurrencyTest" time="1.502">
    <system-out><![CDATA[16:13:21.080 [main] INFO org.springframework.test.context.support.AnnotationConfigContextLoaderUtils -- Could not detect default configuration classes for test class [com.demo.upimesh.IdempotencyConcurrencyTest]: IdempotencyConcurrencyTest does not declare any static, non-private, non-final, nested classes annotated with @Configuration.
16:13:21.549 [main] INFO org.springframework.boot.test.context.SpringBootTestContextBootstrapper -- Found @SpringBootConfiguration com.demo.upimesh.UpiMeshApplication for test class com.demo.upimesh.IdempotencyConcurrencyTest

  .   ____          _            __ _ _
 /\\ / ___'_ __ _ _(_)_ __  __ _ \ \ \ \
( ( )\___ | '_ | '_| | '_ \/ _` | \ \ \ \
 \\/  ___)| |_)| | | | | || (_| |  ) ) ) )
  '  |____| .__|_| |_|_| |_\__, | / / / /
 =========|_|==============|___/=/_/_/_/

 :: Spring Boot ::                (v3.3.5)

16:13:23.252 [main] INFO  c.d.u.IdempotencyConcurrencyTest - Starting IdempotencyConcurrencyTest using Java 26.0.1 with PID 19564 (started by Agrahari Enterprises in C:\Users\Agrahari Enterprises\Downloads\UPI_Without_Internet-main)
16:13:23.257 [main] INFO  c.d.u.IdempotencyConcurrencyTest - No active profile set, falling back to 1 default profile: "default"
16:13:26.463 [main] INFO  o.s.d.r.c.RepositoryConfigurationDelegate - Bootstrapping Spring Data JPA repositories in DEFAULT mode.
16:13:26.727 [main] INFO  o.s.d.r.c.RepositoryConfigurationDelegate - Finished Spring Data repository scanning in 232 ms. Found 2 JPA repository interfaces.
16:13:28.554 [main] INFO  o.h.jpa.internal.util.LogHelper - HHH000204: Processing PersistenceUnitInfo [name: default]
16:13:28.868 [main] INFO  org.hibernate.Version - HHH000412: Hibernate ORM core version 6.5.3.Final
16:13:29.056 [main] INFO  o.h.c.i.RegionFactoryInitiator - HHH000026: Second-level cache disabled
16:13:30.846 [main] INFO  o.s.o.j.p.SpringPersistenceUnitInfo - No LoadTimeWeaver setup: ignoring JPA class transformer
16:13:31.063 [main] INFO  com.zaxxer.hikari.HikariDataSource - HikariPool-1 - Starting...
16:13:31.949 [main] INFO  com.zaxxer.hikari.pool.HikariPool - HikariPool-1 - Added connection conn0: url=jdbc:h2:mem:upimesh user=SA
16:13:31.956 [main] INFO  com.zaxxer.hikari.HikariDataSource - HikariPool-1 - Start completed.
16:13:32.112 [main] WARN  org.hibernate.orm.deprecation - HHH90000025: H2Dialect does not need to be specified explicitly using 'hibernate.dialect' (remove the property setting and it will be selected by default)
16:13:36.448 [main] INFO  o.h.e.t.j.p.i.JtaPlatformInitiator - HHH000489: No JTA platform available (set 'hibernate.transaction.jta.platform' to enable JTA platform integration)
16:13:36.652 [main] INFO  o.s.o.j.LocalContainerEntityManagerFactoryBean - Initialized JPA EntityManagerFactory for persistence unit 'default'
16:13:37.241 [main] INFO  c.d.upimesh.crypto.ServerKeyHolder - Server RSA keypair generated (2048-bit). Public key fingerprint: MIIBIjANBgkqhkiG9w0BAQEFAAOCAQ8A...
16:13:39.730 [main] INFO  c.demo.upimesh.service.DemoService - Seeded 4 demo accounts
16:13:40.769 [main] WARN  o.s.b.a.o.j.JpaBaseConfiguration$JpaWebConfiguration - spring.jpa.open-in-view is enabled by default. Therefore, database queries may be performed during view rendering. Explicitly configure spring.jpa.open-in-view to disable this warning
16:13:42.289 [main] INFO  o.s.b.a.h.H2ConsoleAutoConfiguration - H2 console available at '/h2-console'. Database available at 'jdbc:h2:mem:upimesh'
16:13:42.551 [main] INFO  c.d.u.IdempotencyConcurrencyTest - Started IdempotencyConcurrencyTest in 20.36 seconds (process running for 24.472)
]]></system-out>
    <system-err><![CDATA[WARNING: A Java agent has been loaded dynamically (C:\Users\Agrahari Enterprises\.m2\repository\net\bytebuddy\byte-buddy-agent\1.14.19\byte-buddy-agent-1.14.19.jar)
WARNING: If a serviceability tool is in use, please run with -XX:+EnableDynamicAgentLoading to hide this warning
WARNING: If a serviceability tool is not in use, please run with -Djdk.instrument.traceUsage for more information
WARNING: Dynamic loading of agents will be disallowed by default in a future release
]]></system-err>
  </testcase>
  <testcase name="tamperedCiphertextIsRejected" classname="com.demo.upimesh.IdempotencyConcurrencyTest" time="0.025">
    <system-out><![CDATA[16:13:44.164 [main] WARN  c.d.u.service.BridgeIngestionService - Decryption failed for packet ccc91e1e99c2...: Padding error in decryption
]]></system-out>
  </testcase>
  <testcase name="singlePacketDeliveredByThreeBridgesSettlesExactlyOnce" classname="com.demo.upimesh.IdempotencyConcurrencyTest" time="0.278">
    <system-out><![CDATA[16:13:44.288 [pool-2-thread-3] INFO  c.d.u.service.BridgeIngestionService - DUPLICATE packet bf7958839d4c... from bridge bridge-2 — dropped
16:13:44.288 [pool-2-thread-1] INFO  c.d.u.service.BridgeIngestionService - DUPLICATE packet bf7958839d4c... from bridge bridge-0 — dropped
16:13:44.392 [pool-2-thread-2] INFO  c.d.u.service.SettlementService - SETTLED ₹100.00 from alice@demo to bob@demo (packetHash=bf7958839d4c..., bridge=bridge-1, hops=3)
]]></system-out>
  </testcase>
</testsuite>